<?xml version="1.0" encoding="UTF-8"?>
<coverage generated="1780146628079" clover="3.2.0">
  <project timestamp="1780146628079" name="All files">
    <metrics statements="54" coveredstatements="53" conditionals="50" coveredconditionals="49" methods="26" coveredmethods="24" elements="130" coveredelements="126" complexity="0" loc="54" ncloc="54" packages="2" files="6" classes="6"/>
    <package name="lib">
      <metrics statements="32" coveredstatements="31" conditionals="28" coveredconditionals="28" methods="23" coveredmethods="21"/>
      <file name="catalog.ts" path="/Users/arnavgoel/Documents/Projects/chop/lib/catalog.ts">
        <metrics statements="13" coveredstatements="12" conditionals="9" coveredconditionals="9" methods="14" coveredmethods="12"/>
        <line num="6" count="2" type="stmt"/>
        <line num="14" count="2" type="stmt"/>
        <line num="217" count="12" type="stmt"/>
        <line num="220" count="62" type="stmt"/>
        <line num="224" count="2" type="stmt"/>
        <line num="228" count="18" type="stmt"/>
        <line num="232" count="30" type="stmt"/>
        <line num="236" count="0" type="stmt"/>
        <line num="240" count="52" type="cond" truecount="2" falsecount="0"/>
        <line num="244" count="7" type="stmt"/>
        <line num="245" count="7" type="cond" truecount="2" falsecount="0"/>
        <line num="246" count="36" type="cond" truecount="2" falsecount="0"/>
        <line num="247" count="36" type="cond" truecount="2" falsecount="0"/>
      </file>
      <file name="money.ts" path="/Users/arnavgoel/Documents/Projects/chop/lib/money.ts">
        <metrics statements="7" coveredstatements="7" conditionals="10" coveredconditionals="10" methods="3" coveredmethods="3"/>
        <line num="9" count="10" type="cond" truecount="2" falsecount="0"/>
        <line num="10" count="10" type="stmt"/>
        <line num="11" count="10" type="stmt"/>
        <line num="12" count="10" type="stmt"/>
        <line num="25" count="6" type="cond" truecount="2" falsecount="0"/>
        <line num="30" count="9" type="cond" truecount="4" falsecount="0"/>
        <line num="31" count="4" type="stmt"/>
      </file>
      <file name="regions.ts" path="/Users/arnavgoel/Documents/Projects/chop/lib/regions.ts">
        <metrics statements="7" coveredstatements="7" conditionals="8" coveredconditionals="8" methods="3" coveredmethods="3"/>
        <line num="3" count="3" type="stmt"/>
        <line num="38" count="3" type="stmt"/>
        <line num="40" count="3" type="stmt"/>
        <line num="43" count="57" type="cond" truecount="2" falsecount="0"/>
        <line num="47" count="48" type="cond" truecount="2" falsecount="0"/>
        <line num="52" count="9" type="cond" truecount="2" falsecount="0"/>
        <line num="53" count="6" type="cond" truecount="2" falsecount="0"/>
      </file>
      <file name="types.ts" path="/Users/arnavgoel/Documents/Projects/chop/lib/types.ts">
        <metrics statements="0" coveredstatements="0" conditionals="0" coveredconditionals="0" methods="0" coveredmethods="0"/>
      </file>
      <file name="utils.ts" path="/Users/arnavgoel/Documents/Projects/chop/lib/utils.ts">
        <metrics statements="5" coveredstatements="5" conditionals="1" coveredconditionals="1" methods="3" coveredmethods="3"/>
        <line num="5" count="7" type="stmt"/>
        <line num="10" count="37" type="stmt"/>
        <line num="14" count="37" type="stmt"/>
        <line num="15" count="37" type="stmt"/>
        <line num="19" count="9" type="stmt"/>
      </file>
    </package>
    <package name="lib.cart">
      <metrics statements="22" coveredstatements="22" conditionals="22" coveredconditionals="21" methods="3" coveredmethods="3"/>
      <file name="totals.ts" path="/Users/arnavgoel/Documents/Projects/chop/lib/cart/totals.ts">
        <metrics statements="22" coveredstatements="22" conditionals="22" coveredconditionals="21" methods="3" coveredmethods="3"/>
        <line num="16" count="34" type="stmt"/>
        <line num="17" count="34" type="stmt"/>
        <line num="18" count="40" type="stmt"/>
        <line num="19" count="40" type="cond" truecount="2" falsecount="0"/>
        <line num="20" count="38" type="stmt"/>
        <line num="21" count="38" type="cond" truecount="1" falsecount="1"/>
        <line num="22" count="40" type="stmt"/>
        <line num="30" count="34" type="stmt"/>
        <line num="33" count="1" type="stmt"/>
        <line num="50" count="34" type="stmt"/>
        <line num="51" count="34" type="stmt"/>
        <line num="53" count="34" type="stmt"/>
        <line num="54" count="34" type="cond" truecount="2" falsecount="0"/>
        <line num="57" count="34" type="cond" truecount="2" falsecount="0"/>
        <line num="58" count="15" type="cond" truecount="2" falsecount="0"/>
        <line num="59" count="7" type="stmt"/>
        <line num="61" count="8" type="cond" truecount="2" falsecount="0"/>
        <line num="64" count="34" type="stmt"/>
        <line num="67" count="34" type="cond" truecount="5" falsecount="0"/>
        <line num="71" count="34" type="cond" truecount="4" falsecount="0"/>
        <line num="73" count="34" type="stmt"/>
        <line num="75" count="34" type="stmt"/>
      </file>
    </package>
  </project>
</coverage>
