{"/Users/arnavgoel/Documents/Projects/chop/lib/catalog.ts": {"path":"/Users/arnavgoel/Documents/Projects/chop/lib/catalog.ts","statementMap":{"0":{"start":{"line":6,"column":38},"end":{"line":12,"column":null}},"1":{"start":{"line":14,"column":35},"end":{"line":213,"column":null}},"2":{"start":{"line":217,"column":16},"end":{"line":217,"column":null}},"3":{"start":{"line":217,"column":44},"end":{"line":217,"column":55}},"4":{"start":{"line":220,"column":2},"end":{"line":220,"column":null}},"5":{"start":{"line":224,"column":2},"end":{"line":224,"column":null}},"6":{"start":{"line":228,"column":2},"end":{"line":228,"column":null}},"7":{"start":{"line":228,"column":32},"end":{"line":228,"column":42}},"8":{"start":{"line":232,"column":2},"end":{"line":232,"column":null}},"9":{"start":{"line":232,"column":32},"end":{"line":232,"column":55}},"10":{"start":{"line":236,"column":2},"end":{"line":236,"column":null}},"11":{"start":{"line":236,"column":32},"end":{"line":236,"column":43}},"12":{"start":{"line":240,"column":2},"end":{"line":240,"column":null}},"13":{"start":{"line":240,"column":38},"end":{"line":240,"column":56}},"14":{"start":{"line":244,"column":12},"end":{"line":244,"column":null}},"15":{"start":{"line":245,"column":2},"end":{"line":245,"column":null}},"16":{"start":{"line":245,"column":10},"end":{"line":245,"column":null}},"17":{"start":{"line":246,"column":2},"end":{"line":248,"column":null}},"18":{"start":{"line":246,"column":32},"end":{"line":246,"column":76}},"19":{"start":{"line":247,"column":35},"end":{"line":247,"column":79}}},"fnMap":{"0":{"name":"(anonymous_0)","decl":{"start":{"line":217,"column":33},"end":{"line":217,"column":38}},"loc":{"start":{"line":217,"column":44},"end":{"line":217,"column":55}},"line":217},"1":{"name":"getProduct","decl":{"start":{"line":219,"column":16},"end":{"line":219,"column":27}},"loc":{"start":{"line":219,"column":62},"end":{"line":221,"column":null}},"line":219},"2":{"name":"allProducts","decl":{"start":{"line":223,"column":16},"end":{"line":223,"column":41}},"loc":{"start":{"line":223,"column":41},"end":{"line":225,"column":null}},"line":223},"3":{"name":"featuredProducts","decl":{"start":{"line":227,"column":16},"end":{"line":227,"column":46}},"loc":{"start":{"line":227,"column":46},"end":{"line":229,"column":null}},"line":227},"4":{"name":"(anonymous_4)","decl":{"start":{"line":228,"column":18},"end":{"line":228,"column":26}},"loc":{"start":{"line":228,"column":32},"end":{"line":228,"column":42}},"line":228},"5":{"name":"productsByCategory","decl":{"start":{"line":231,"column":16},"end":{"line":231,"column":35}},"loc":{"start":{"line":231,"column":73},"end":{"line":233,"column":null}},"line":231},"6":{"name":"(anonymous_6)","decl":{"start":{"line":232,"column":18},"end":{"line":232,"column":26}},"loc":{"start":{"line":232,"column":32},"end":{"line":232,"column":55}},"line":232},"7":{"name":"getCategory","decl":{"start":{"line":235,"column":16},"end":{"line":235,"column":28}},"loc":{"start":{"line":235,"column":71},"end":{"line":237,"column":null}},"line":235},"8":{"name":"(anonymous_8)","decl":{"start":{"line":236,"column":20},"end":{"line":236,"column":26}},"loc":{"start":{"line":236,"column":32},"end":{"line":236,"column":43}},"line":236},"9":{"name":"getVariant","decl":{"start":{"line":239,"column":16},"end":{"line":239,"column":27}},"loc":{"start":{"line":239,"column":64},"end":{"line":241,"column":null}},"line":239},"10":{"name":"(anonymous_10)","decl":{"start":{"line":240,"column":26},"end":{"line":240,"column":32}},"loc":{"start":{"line":240,"column":38},"end":{"line":240,"column":56}},"line":240},"11":{"name":"relatedProducts","decl":{"start":{"line":243,"column":16},"end":{"line":243,"column":32}},"loc":{"start":{"line":243,"column":68},"end":{"line":249,"column":null}},"line":243},"12":{"name":"(anonymous_12)","decl":{"start":{"line":246,"column":18},"end":{"line":246,"column":26}},"loc":{"start":{"line":246,"column":32},"end":{"line":246,"column":76}},"line":246},"13":{"name":"(anonymous_13)","decl":{"start":{"line":247,"column":21},"end":{"line":247,"column":29}},"loc":{"start":{"line":247,"column":35},"end":{"line":247,"column":79}},"line":247}},"branchMap":{"0":{"loc":{"start":{"line":240,"column":9},"end":{"line":240,"column":null}},"type":"binary-expr","locations":[{"start":{"line":240,"column":9},"end":{"line":240,"column":61}},{"start":{"line":240,"column":61},"end":{"line":240,"column":null}}],"line":240},"1":{"loc":{"start":{"line":243,"column":46},"end":{"line":243,"column":68}},"type":"default-arg","locations":[{"start":{"line":243,"column":54},"end":{"line":243,"column":68}}],"line":243},"2":{"loc":{"start":{"line":245,"column":2},"end":{"line":245,"column":null}},"type":"if","locations":[{"start":{"line":245,"column":2},"end":{"line":245,"column":null}},{"start":{},"end":{}}],"line":245},"3":{"loc":{"start":{"line":246,"column":32},"end":{"line":246,"column":76}},"type":"binary-expr","locations":[{"start":{"line":246,"column":32},"end":{"line":246,"column":51}},{"start":{"line":246,"column":51},"end":{"line":246,"column":76}}],"line":246},"4":{"loc":{"start":{"line":247,"column":35},"end":{"line":247,"column":79}},"type":"binary-expr","locations":[{"start":{"line":247,"column":35},"end":{"line":247,"column":54}},{"start":{"line":247,"column":54},"end":{"line":247,"column":79}}],"line":247}},"s":{"0":2,"1":2,"2":2,"3":12,"4":62,"5":2,"6":3,"7":18,"8":5,"9":30,"10":0,"11":0,"12":43,"13":52,"14":7,"15":7,"16":1,"17":6,"18":36,"19":36},"f":{"0":12,"1":62,"2":2,"3":3,"4":18,"5":5,"6":30,"7":0,"8":0,"9":43,"10":52,"11":7,"12":36,"13":36},"b":{"0":[43,4],"1":[7],"2":[1,6],"3":[36,30],"4":[36,30]},"meta":{"lastBranch":5,"lastFunction":14,"lastStatement":20,"seen":{"s:6:38:12:Infinity":0,"s:14:35:213:Infinity":1,"s:217:16:217:Infinity":2,"f:217:33:217:38":0,"s:217:44:217:55":3,"f:219:16:219:27":1,"s:220:2:220:Infinity":4,"f:223:16:223:41":2,"s:224:2:224:Infinity":5,"f:227:16:227:46":3,"s:228:2:228:Infinity":6,"f:228:18:228:26":4,"s:228:32:228:42":7,"f:231:16:231:35":5,"s:232:2:232:Infinity":8,"f:232:18:232:26":6,"s:232:32:232:55":9,"f:235:16:235:28":7,"s:236:2:236:Infinity":10,"f:236:20:236:26":8,"s:236:32:236:43":11,"f:239:16:239:27":9,"s:240:2:240:Infinity":12,"b:240:9:240:61:240:61:240:Infinity":0,"f:240:26:240:32":10,"s:240:38:240:56":13,"f:243:16:243:32":11,"b:243:54:243:68":1,"s:244:12:244:Infinity":14,"b:245:2:245:Infinity:undefined:undefined:undefined:undefined":2,"s:245:2:245:Infinity":15,"s:245:10:245:Infinity":16,"s:246:2:248:Infinity":17,"f:246:18:246:26":12,"s:246:32:246:76":18,"b:246:32:246:51:246:51:246:76":3,"f:247:21:247:29":13,"s:247:35:247:79":19,"b:247:35:247:54:247:54:247:79":4}}}
,"/Users/arnavgoel/Documents/Projects/chop/lib/money.ts": {"path":"/Users/arnavgoel/Documents/Projects/chop/lib/money.ts","statementMap":{"0":{"start":{"line":9,"column":12},"end":{"line":9,"column":null}},"1":{"start":{"line":10,"column":16},"end":{"line":10,"column":null}},"2":{"start":{"line":11,"column":22},"end":{"line":11,"column":null}},"3":{"start":{"line":12,"column":2},"end":{"line":17,"column":null}},"4":{"start":{"line":25,"column":2},"end":{"line":25,"column":null}},"5":{"start":{"line":30,"column":2},"end":{"line":30,"column":null}},"6":{"start":{"line":30,"column":40},"end":{"line":30,"column":null}},"7":{"start":{"line":31,"column":2},"end":{"line":31,"column":null}}},"fnMap":{"0":{"name":"formatMoney","decl":{"start":{"line":8,"column":16},"end":{"line":8,"column":28}},"loc":{"start":{"line":8,"column":78},"end":{"line":18,"column":null}},"line":8},"1":{"name":"priceFor","decl":{"start":{"line":21,"column":16},"end":{"line":21,"column":null}},"loc":{"start":{"line":24,"column":10},"end":{"line":26,"column":null}},"line":24},"2":{"name":"percentOff","decl":{"start":{"line":29,"column":16},"end":{"line":29,"column":27}},"loc":{"start":{"line":29,"column":70},"end":{"line":32,"column":null}},"line":29}},"branchMap":{"0":{"loc":{"start":{"line":9,"column":12},"end":{"line":9,"column":null}},"type":"cond-expr","locations":[{"start":{"line":9,"column":30},"end":{"line":9,"column":61}},{"start":{"line":9,"column":61},"end":{"line":9,"column":null}}],"line":9},"1":{"loc":{"start":{"line":15,"column":27},"end":{"line":15,"column":null}},"type":"cond-expr","locations":[{"start":{"line":15,"column":41},"end":{"line":15,"column":45}},{"start":{"line":15,"column":45},"end":{"line":15,"column":null}}],"line":15},"2":{"loc":{"start":{"line":25,"column":9},"end":{"line":25,"column":null}},"type":"binary-expr","locations":[{"start":{"line":25,"column":9},"end":{"line":25,"column":24}},{"start":{"line":25,"column":24},"end":{"line":25,"column":null}}],"line":25},"3":{"loc":{"start":{"line":30,"column":2},"end":{"line":30,"column":null}},"type":"if","locations":[{"start":{"line":30,"column":2},"end":{"line":30,"column":null}},{"start":{},"end":{}}],"line":30},"4":{"loc":{"start":{"line":30,"column":6},"end":{"line":30,"column":40}},"type":"binary-expr","locations":[{"start":{"line":30,"column":6},"end":{"line":30,"column":20}},{"start":{"line":30,"column":20},"end":{"line":30,"column":40}}],"line":30}},"s":{"0":10,"1":10,"2":10,"3":10,"4":6,"5":9,"6":5,"7":4},"f":{"0":10,"1":6,"2":9},"b":{"0":[8,2],"1":[3,7],"2":[6,3],"3":[5,4],"4":[9,6]},"meta":{"lastBranch":5,"lastFunction":3,"lastStatement":8,"seen":{"f:8:16:8:28":0,"s:9:12:9:Infinity":0,"b:9:30:9:61:9:61:9:Infinity":0,"s:10:16:10:Infinity":1,"s:11:22:11:Infinity":2,"s:12:2:17:Infinity":3,"b:15:41:15:45:15:45:15:Infinity":1,"f:21:16:21:Infinity":1,"s:25:2:25:Infinity":4,"b:25:9:25:24:25:24:25:Infinity":2,"f:29:16:29:27":2,"b:30:2:30:Infinity:undefined:undefined:undefined:undefined":3,"s:30:2:30:Infinity":5,"b:30:6:30:20:30:20:30:40":4,"s:30:40:30:Infinity":6,"s:31:2:31:Infinity":7}}}
,"/Users/arnavgoel/Documents/Projects/chop/lib/regions.ts": {"path":"/Users/arnavgoel/Documents/Projects/chop/lib/regions.ts","statementMap":{"0":{"start":{"line":3,"column":49},"end":{"line":36,"column":null}},"1":{"start":{"line":38,"column":40},"end":{"line":38,"column":null}},"2":{"start":{"line":40,"column":26},"end":{"line":40,"column":null}},"3":{"start":{"line":43,"column":2},"end":{"line":43,"column":null}},"4":{"start":{"line":47,"column":2},"end":{"line":47,"column":null}},"5":{"start":{"line":52,"column":2},"end":{"line":52,"column":null}},"6":{"start":{"line":52,"column":16},"end":{"line":52,"column":null}},"7":{"start":{"line":53,"column":2},"end":{"line":53,"column":null}}},"fnMap":{"0":{"name":"isRegionId","decl":{"start":{"line":42,"column":16},"end":{"line":42,"column":27}},"loc":{"start":{"line":42,"column":80},"end":{"line":44,"column":null}},"line":42},"1":{"name":"getRegion","decl":{"start":{"line":46,"column":16},"end":{"line":46,"column":26}},"loc":{"start":{"line":46,"column":65},"end":{"line":48,"column":null}},"line":46},"2":{"name":"regionForCountry","decl":{"start":{"line":51,"column":16},"end":{"line":51,"column":33}},"loc":{"start":{"line":51,"column":79},"end":{"line":54,"column":null}},"line":51}},"branchMap":{"0":{"loc":{"start":{"line":43,"column":9},"end":{"line":43,"column":null}},"type":"binary-expr","locations":[{"start":{"line":43,"column":9},"end":{"line":43,"column":27}},{"start":{"line":43,"column":27},"end":{"line":43,"column":null}}],"line":43},"1":{"loc":{"start":{"line":47,"column":9},"end":{"line":47,"column":null}},"type":"cond-expr","locations":[{"start":{"line":47,"column":26},"end":{"line":47,"column":40}},{"start":{"line":47,"column":40},"end":{"line":47,"column":null}}],"line":47},"2":{"loc":{"start":{"line":52,"column":2},"end":{"line":52,"column":null}},"type":"if","locations":[{"start":{"line":52,"column":2},"end":{"line":52,"column":null}},{"start":{},"end":{}}],"line":52},"3":{"loc":{"start":{"line":53,"column":9},"end":{"line":53,"column":null}},"type":"cond-expr","locations":[{"start":{"line":53,"column":42},"end":{"line":53,"column":49}},{"start":{"line":53,"column":49},"end":{"line":53,"column":null}}],"line":53}},"s":{"0":3,"1":3,"2":3,"3":57,"4":48,"5":9,"6":3,"7":6},"f":{"0":57,"1":48,"2":9},"b":{"0":[57,28],"1":[44,4],"2":[3,6],"3":[2,4]},"meta":{"lastBranch":4,"lastFunction":3,"lastStatement":8,"seen":{"s:3:49:36:Infinity":0,"s:38:40:38:Infinity":1,"s:40:26:40:Infinity":2,"f:42:16:42:27":0,"s:43:2:43:Infinity":3,"b:43:9:43:27:43:27:43:Infinity":0,"f:46:16:46:26":1,"s:47:2:47:Infinity":4,"b:47:26:47:40:47:40:47:Infinity":1,"f:51:16:51:33":2,"b:52:2:52:Infinity:undefined:undefined:undefined:undefined":2,"s:52:2:52:Infinity":5,"s:52:16:52:Infinity":6,"s:53:2:53:Infinity":7,"b:53:42:53:49:53:49:53:Infinity":3}}}
,"/Users/arnavgoel/Documents/Projects/chop/lib/types.ts": {"path":"/Users/arnavgoel/Documents/Projects/chop/lib/types.ts","statementMap":{},"fnMap":{},"branchMap":{},"s":{},"f":{},"b":{},"meta":{"lastBranch":0,"lastFunction":0,"lastStatement":0,"seen":{}}}
,"/Users/arnavgoel/Documents/Projects/chop/lib/utils.ts": {"path":"/Users/arnavgoel/Documents/Projects/chop/lib/utils.ts","statementMap":{"0":{"start":{"line":5,"column":2},"end":{"line":5,"column":null}},"1":{"start":{"line":10,"column":15},"end":{"line":13,"column":null}},"2":{"start":{"line":14,"column":14},"end":{"line":14,"column":null}},"3":{"start":{"line":15,"column":2},"end":{"line":15,"column":null}},"4":{"start":{"line":19,"column":2},"end":{"line":23,"column":null}}},"fnMap":{"0":{"name":"cn","decl":{"start":{"line":4,"column":16},"end":{"line":4,"column":19}},"loc":{"start":{"line":4,"column":44},"end":{"line":6,"column":null}},"line":4},"1":{"name":"generateOrderCode","decl":{"start":{"line":9,"column":16},"end":{"line":9,"column":34}},"loc":{"start":{"line":9,"column":76},"end":{"line":16,"column":null}},"line":9},"2":{"name":"slugify","decl":{"start":{"line":18,"column":16},"end":{"line":18,"column":24}},"loc":{"start":{"line":18,"column":43},"end":{"line":24,"column":null}},"line":18}},"branchMap":{"0":{"loc":{"start":{"line":9,"column":34},"end":{"line":9,"column":76}},"type":"default-arg","locations":[{"start":{"line":9,"column":55},"end":{"line":9,"column":76}}],"line":9}},"s":{"0":7,"1":37,"2":37,"3":37,"4":9},"f":{"0":7,"1":37,"2":9},"b":{"0":[37]},"meta":{"lastBranch":1,"lastFunction":3,"lastStatement":5,"seen":{"f:4:16:4:19":0,"s:5:2:5:Infinity":0,"f:9:16:9:34":1,"b:9:55:9:76":0,"s:10:15:13:Infinity":1,"s:14:14:14:Infinity":2,"s:15:2:15:Infinity":3,"f:18:16:18:24":2,"s:19:2:23:Infinity":4}}}
,"/Users/arnavgoel/Documents/Projects/chop/lib/cart/totals.ts": {"path":"/Users/arnavgoel/Documents/Projects/chop/lib/cart/totals.ts","statementMap":{"0":{"start":{"line":16,"column":34},"end":{"line":16,"column":null}},"1":{"start":{"line":17,"column":2},"end":{"line":29,"column":null}},"2":{"start":{"line":18,"column":10},"end":{"line":18,"column":null}},"3":{"start":{"line":19,"column":4},"end":{"line":19,"column":null}},"4":{"start":{"line":19,"column":18},"end":{"line":19,"column":null}},"5":{"start":{"line":20,"column":10},"end":{"line":20,"column":null}},"6":{"start":{"line":21,"column":22},"end":{"line":21,"column":null}},"7":{"start":{"line":22,"column":4},"end":{"line":28,"column":null}},"8":{"start":{"line":30,"column":2},"end":{"line":30,"column":null}},"9":{"start":{"line":33,"column":80},"end":{"line":38,"column":null}},"10":{"start":{"line":50,"column":8},"end":{"line":50,"column":null}},"11":{"start":{"line":51,"column":19},"end":{"line":51,"column":null}},"12":{"start":{"line":51,"column":45},"end":{"line":51,"column":62}},"13":{"start":{"line":53,"column":17},"end":{"line":53,"column":null}},"14":{"start":{"line":54,"column":17},"end":{"line":56,"column":null}},"15":{"start":{"line":57,"column":2},"end":{"line":63,"column":null}},"16":{"start":{"line":58,"column":4},"end":{"line":62,"column":null}},"17":{"start":{"line":59,"column":6},"end":{"line":59,"column":null}},"18":{"start":{"line":61,"column":6},"end":{"line":61,"column":null}},"19":{"start":{"line":64,"column":2},"end":{"line":64,"column":null}},"20":{"start":{"line":67,"column":4},"end":{"line":69,"column":null}},"21":{"start":{"line":71,"column":17},"end":{"line":71,"column":null}},"22":{"start":{"line":73,"column":16},"end":{"line":73,"column":null}},"23":{"start":{"line":75,"column":2},"end":{"line":75,"column":null}}},"fnMap":{"0":{"name":"resolveLines","decl":{"start":{"line":12,"column":16},"end":{"line":12,"column":null}},"loc":{"start":{"line":15,"column":22},"end":{"line":31,"column":null}},"line":15},"1":{"name":"computeTotals","decl":{"start":{"line":45,"column":16},"end":{"line":45,"column":null}},"loc":{"start":{"line":49,"column":14},"end":{"line":76,"column":null}},"line":49},"2":{"name":"(anonymous_2)","decl":{"start":{"line":51,"column":28},"end":{"line":51,"column":36}},"loc":{"start":{"line":51,"column":45},"end":{"line":51,"column":62}},"line":51}},"branchMap":{"0":{"loc":{"start":{"line":19,"column":4},"end":{"line":19,"column":null}},"type":"if","locations":[{"start":{"line":19,"column":4},"end":{"line":19,"column":null}},{"start":{},"end":{}}],"line":19},"1":{"loc":{"start":{"line":21,"column":22},"end":{"line":21,"column":null}},"type":"binary-expr","locations":[{"start":{"line":21,"column":22},"end":{"line":21,"column":47}},{"start":{"line":21,"column":47},"end":{"line":21,"column":null}}],"line":21},"2":{"loc":{"start":{"line":48,"column":2},"end":{"line":48,"column":null}},"type":"default-arg","locations":[{"start":{"line":48,"column":58},"end":{"line":48,"column":null}}],"line":48},"3":{"loc":{"start":{"line":54,"column":17},"end":{"line":56,"column":null}},"type":"cond-expr","locations":[{"start":{"line":55,"column":6},"end":{"line":55,"column":null}},{"start":{"line":56,"column":6},"end":{"line":56,"column":null}}],"line":54},"4":{"loc":{"start":{"line":57,"column":2},"end":{"line":63,"column":null}},"type":"if","locations":[{"start":{"line":57,"column":2},"end":{"line":63,"column":null}},{"start":{},"end":{}}],"line":57},"5":{"loc":{"start":{"line":58,"column":4},"end":{"line":62,"column":null}},"type":"if","locations":[{"start":{"line":58,"column":4},"end":{"line":62,"column":null}},{"start":{"line":60,"column":11},"end":{"line":62,"column":null}}],"line":58},"6":{"loc":{"start":{"line":61,"column":17},"end":{"line":61,"column":null}},"type":"cond-expr","locations":[{"start":{"line":61,"column":35},"end":{"line":61,"column":50}},{"start":{"line":61,"column":50},"end":{"line":61,"column":null}}],"line":61},"7":{"loc":{"start":{"line":67,"column":4},"end":{"line":69,"column":null}},"type":"cond-expr","locations":[{"start":{"line":68,"column":8},"end":{"line":68,"column":null}},{"start":{"line":69,"column":8},"end":{"line":69,"column":null}}],"line":67},"8":{"loc":{"start":{"line":67,"column":4},"end":{"line":67,"column":null}},"type":"binary-expr","locations":[{"start":{"line":67,"column":4},"end":{"line":67,"column":21}},{"start":{"line":67,"column":21},"end":{"line":67,"column":50}},{"start":{"line":67,"column":50},"end":{"line":67,"column":null}}],"line":67},"9":{"loc":{"start":{"line":71,"column":17},"end":{"line":71,"column":null}},"type":"cond-expr","locations":[{"start":{"line":71,"column":59},"end":{"line":71,"column":70}},{"start":{"line":71,"column":70},"end":{"line":71,"column":null}}],"line":71},"10":{"loc":{"start":{"line":71,"column":17},"end":{"line":71,"column":59}},"type":"binary-expr","locations":[{"start":{"line":71,"column":17},"end":{"line":71,"column":42}},{"start":{"line":71,"column":42},"end":{"line":71,"column":59}}],"line":71}},"s":{"0":34,"1":34,"2":40,"3":40,"4":2,"5":38,"6":38,"7":40,"8":34,"9":1,"10":34,"11":34,"12":32,"13":34,"14":34,"15":34,"16":15,"17":7,"18":8,"19":34,"20":34,"21":34,"22":34,"23":34},"f":{"0":34,"1":34,"2":32},"b":{"0":[2,38],"1":[38,0],"2":[34],"3":[16,18],"4":[15,19],"5":[7,8],"6":[6,2],"7":[20,14],"8":[34,27,9],"9":[3,31],"10":[34,4]},"meta":{"lastBranch":11,"lastFunction":3,"lastStatement":24,"seen":{"f:12:16:12:Infinity":0,"s:16:34:16:Infinity":0,"s:17:2:29:Infinity":1,"s:18:10:18:Infinity":2,"b:19:4:19:Infinity:undefined:undefined:undefined:undefined":0,"s:19:4:19:Infinity":3,"s:19:18:19:Infinity":4,"s:20:10:20:Infinity":5,"s:21:22:21:Infinity":6,"b:21:22:21:47:21:47:21:Infinity":1,"s:22:4:28:Infinity":7,"s:30:2:30:Infinity":8,"s:33:80:38:Infinity":9,"f:45:16:45:Infinity":1,"b:48:58:48:Infinity":2,"s:50:8:50:Infinity":10,"s:51:19:51:Infinity":11,"f:51:28:51:36":2,"s:51:45:51:62":12,"s:53:17:53:Infinity":13,"s:54:17:56:Infinity":14,"b:55:6:55:Infinity:56:6:56:Infinity":3,"b:57:2:63:Infinity:undefined:undefined:undefined:undefined":4,"s:57:2:63:Infinity":15,"b:58:4:62:Infinity:60:11:62:Infinity":5,"s:58:4:62:Infinity":16,"s:59:6:59:Infinity":17,"s:61:6:61:Infinity":18,"b:61:35:61:50:61:50:61:Infinity":6,"s:64:2:64:Infinity":19,"s:67:4:69:Infinity":20,"b:68:8:68:Infinity:69:8:69:Infinity":7,"b:67:4:67:21:67:21:67:50:67:50:67:Infinity":8,"s:71:17:71:Infinity":21,"b:71:59:71:70:71:70:71:Infinity":9,"b:71:17:71:42:71:42:71:59":10,"s:73:16:73:Infinity":22,"s:75:2:75:Infinity":23}}}
}
